<?xml version="1.0" encoding="UTF-8"?>
<testng-results skipped="0" failed="0" ignored="0" total="1" passed="1">
  <reporter-output>
  </reporter-output>
  <suite name="Parallel Testing Suite" duration-ms="19327" started-at="2023-02-11T12:00:59Z" finished-at="2023-02-11T12:01:18Z">
    <groups>
    </groups>
    <test name="Regression Test" duration-ms="19327" started-at="2023-02-11T12:00:59Z" finished-at="2023-02-11T12:01:18Z">
      <class name="com.albanero.tests.SignUpTest">
        <test-method status="PASS" signature="newSignUp()[pri:0, instance:com.albanero.tests.SignUpTest@51c8530f]" name="newSignUp" duration-ms="19261" started-at="2023-02-11T12:00:59Z" finished-at="2023-02-11T12:01:18Z">
          <reporter-output>
          </reporter-output>
        </test-method> <!-- newSignUp -->
      </class> <!-- com.albanero.tests.SignUpTest -->
    </test> <!-- Regression Test -->
  </suite> <!-- Parallel Testing Suite -->
</testng-results>
